2025-05-30 09:14:50,878 - __main__ - INFO - Testing error endpoint: division_by_zero | {"trace_id": "2f329eb7-4c93-40ed-b21b-91a191472288", "timestamp": "2025-05-30T07:14:50.878847", "operation": "test_error", "error_type": "division_by_zero", "intentional": true} - TraceID: 2f329eb7-4c93-40ed-b21b-91a191472288
2025-05-30 09:14:52,925 - __main__ - ERROR - Error endpoint test exception: Expecting value: line 1 column 1 (char 0) | {"trace_id": "2f329eb7-4c93-40ed-b21b-91a191472288", "timestamp": "2025-05-30T07:14:52.925170", "error_type": "JSONDecodeError"} - TraceID: 2f329eb7-4c93-40ed-b21b-91a191472288
2025-05-30 09:15:12,854 - __main__ - INFO - Testing error endpoint: key_error | {"trace_id": "25cc7b2f-d2c6-4ef4-a34a-591ba769cefb", "timestamp": "2025-05-30T07:15:12.854610", "operation": "test_error", "error_type": "key_error", "intentional": true} - TraceID: 25cc7b2f-d2c6-4ef4-a34a-591ba769cefb
2025-05-30 09:15:14,888 - __main__ - ERROR - Error endpoint test exception: Expecting value: line 1 column 1 (char 0) | {"trace_id": "25cc7b2f-d2c6-4ef4-a34a-591ba769cefb", "timestamp": "2025-05-30T07:15:14.888437", "error_type": "JSONDecodeError"} - TraceID: 25cc7b2f-d2c6-4ef4-a34a-591ba769cefb
2025-05-30 10:17:08,407 - __main__ - INFO - Uploading PDF: treny.pdf | {"trace_id": "4d75b357-1360-4a13-8f18-13d1d1d8ad76", "timestamp": "2025-05-30T08:17:08.407956", "operation": "pdf_upload", "filename": "treny.pdf", "file_size": 741723} - TraceID: 4d75b357-1360-4a13-8f18-13d1d1d8ad76
2025-05-30 10:17:16,238 - __main__ - INFO - PDF upload successful | {"trace_id": "4d75b357-1360-4a13-8f18-13d1d1d8ad76", "timestamp": "2025-05-30T08:17:16.238918", "backend_trace_id": "4d75b357-1360-4a13-8f18-13d1d1d8ad76", "chunks_created": 113} - TraceID: 4d75b357-1360-4a13-8f18-13d1d1d8ad76
2025-05-30 10:17:16,239 - __main__ - INFO - Getting RAG status | {"trace_id": "ee160794-cefe-411a-bda7-2fd54af5889c", "timestamp": "2025-05-30T08:17:16.239434", "operation": "rag_status"} - TraceID: ee160794-cefe-411a-bda7-2fd54af5889c
2025-05-30 10:17:18,305 - __main__ - INFO - RAG status retrieved successfully | {"trace_id": "ee160794-cefe-411a-bda7-2fd54af5889c", "timestamp": "2025-05-30T08:17:18.305152", "backend_trace_id": "ee160794-cefe-411a-bda7-2fd54af5889c"} - TraceID: ee160794-cefe-411a-bda7-2fd54af5889c
2025-05-30 10:17:34,105 - __main__ - INFO - Sending RAG query: Kim jest urszulka?... | {"trace_id": "c0666e94-f485-42da-884c-71a6ce0d8f8d", "timestamp": "2025-05-30T08:17:34.105069", "operation": "rag_query", "question_length": 18, "verbose": false} - TraceID: c0666e94-f485-42da-884c-71a6ce0d8f8d
2025-05-30 10:17:39,943 - __main__ - INFO - RAG query successful | {"trace_id": "c0666e94-f485-42da-884c-71a6ce0d8f8d", "timestamp": "2025-05-30T08:17:39.943367", "backend_trace_id": "c0666e94-f485-42da-884c-71a6ce0d8f8d", "sources_count": 3} - TraceID: c0666e94-f485-42da-884c-71a6ce0d8f8d
2025-05-30 12:19:13,585 - __main__ - INFO - Testing error endpoint: division_by_zero | {"trace_id": "504ac552-43d1-4327-8c0a-99f86850daca", "timestamp": "2025-05-30T10:19:13.585904", "operation": "test_error", "error_type": "division_by_zero", "intentional": true} - TraceID: 504ac552-43d1-4327-8c0a-99f86850daca
2025-05-30 12:19:44,717 - __main__ - ERROR - Error endpoint test exception: HTTPConnectionPool(host='ragtreny.azurewebsites.net', port=80): Read timed out. (read timeout=30) | {"trace_id": "504ac552-43d1-4327-8c0a-99f86850daca", "timestamp": "2025-05-30T10:19:44.717654", "error_type": "ReadTimeout"} - TraceID: 504ac552-43d1-4327-8c0a-99f86850daca
2025-05-30 12:19:48,191 - __main__ - INFO - Getting RAG status | {"trace_id": "c8ca4e31-3edb-4348-a1f1-4b93507e52ca", "timestamp": "2025-05-30T10:19:48.191669", "operation": "rag_status"} - TraceID: c8ca4e31-3edb-4348-a1f1-4b93507e52ca
2025-05-30 12:19:59,556 - __main__ - ERROR - RAG status exception: HTTPSConnectionPool(host='ragtreny.azurewebsites.net', port=443): Read timed out. (read timeout=10) | {"trace_id": "c8ca4e31-3edb-4348-a1f1-4b93507e52ca", "timestamp": "2025-05-30T10:19:59.556641", "error_type": "ReadTimeout"} - TraceID: c8ca4e31-3edb-4348-a1f1-4b93507e52ca
2025-05-30 12:20:26,611 - __main__ - INFO - Uploading PDF: treny.pdf | {"trace_id": "1af8f32b-98ae-4c4d-9c5b-579559d3a4e2", "timestamp": "2025-05-30T10:20:26.611895", "operation": "pdf_upload", "filename": "treny.pdf", "file_size": 741723} - TraceID: 1af8f32b-98ae-4c4d-9c5b-579559d3a4e2
2025-05-30 12:20:28,059 - __main__ - ERROR - PDF upload failed | {"trace_id": "1af8f32b-98ae-4c4d-9c5b-579559d3a4e2", "timestamp": "2025-05-30T10:20:28.059742", "status_code": 404, "response_text": ""} - TraceID: 1af8f32b-98ae-4c4d-9c5b-579559d3a4e2
2025-05-30 12:20:28,060 - __main__ - INFO - Getting RAG status | {"trace_id": "edbcde92-a586-4da3-9d32-d91b71c7a4ac", "timestamp": "2025-05-30T10:20:28.060742", "operation": "rag_status"} - TraceID: edbcde92-a586-4da3-9d32-d91b71c7a4ac
2025-05-30 12:20:38,111 - __main__ - ERROR - RAG status exception: HTTPConnectionPool(host='ragtreny.azurewebsites.net', port=80): Read timed out. (read timeout=10) | {"trace_id": "edbcde92-a586-4da3-9d32-d91b71c7a4ac", "timestamp": "2025-05-30T10:20:38.111576", "error_type": "ReadTimeout"} - TraceID: edbcde92-a586-4da3-9d32-d91b71c7a4ac
2025-05-30 12:21:31,868 - __main__ - INFO - Sending RAG query: O czym mo¿esz opowiedziec?... | {"trace_id": "f2371206-6031-4641-ae17-ada798266ce9", "timestamp": "2025-05-30T10:21:31.868462", "operation": "rag_query", "question_length": 26, "verbose": false} - TraceID: f2371206-6031-4641-ae17-ada798266ce9
2025-05-30 12:22:02,998 - __main__ - ERROR - RAG query exception: HTTPConnectionPool(host='ragtreny.azurewebsites.net', port=80): Read timed out. (read timeout=30) | {"trace_id": "f2371206-6031-4641-ae17-ada798266ce9", "timestamp": "2025-05-30T10:22:02.998677", "error_type": "ReadTimeout"} - TraceID: f2371206-6031-4641-ae17-ada798266ce9
2025-05-30 12:26:00,738 - __main__ - INFO - Getting RAG status | {"trace_id": "90ff6f4a-87c0-4ef0-ba14-28ea246eeb03", "timestamp": "2025-05-30T10:26:00.738084", "operation": "rag_status"} - TraceID: 90ff6f4a-87c0-4ef0-ba14-28ea246eeb03
2025-05-30 12:26:11,859 - __main__ - ERROR - RAG status exception: HTTPConnectionPool(host='ragtreny.azurewebsites.net', port=80): Read timed out. (read timeout=10) | {"trace_id": "90ff6f4a-87c0-4ef0-ba14-28ea246eeb03", "timestamp": "2025-05-30T10:26:11.859183", "error_type": "ReadTimeout"} - TraceID: 90ff6f4a-87c0-4ef0-ba14-28ea246eeb03
2025-05-30 12:28:00,996 - __main__ - INFO - Getting RAG status | {"trace_id": "0208aa38-1c11-4a4c-9ccb-2fb54a31b996", "timestamp": "2025-05-30T10:28:00.996209", "operation": "rag_status"} - TraceID: 0208aa38-1c11-4a4c-9ccb-2fb54a31b996
2025-05-30 12:28:11,915 - __main__ - ERROR - RAG status exception: HTTPConnectionPool(host='ragtreny.azurewebsites.net', port=80): Read timed out. (read timeout=10) | {"trace_id": "0208aa38-1c11-4a4c-9ccb-2fb54a31b996", "timestamp": "2025-05-30T10:28:11.915251", "error_type": "ReadTimeout"} - TraceID: 0208aa38-1c11-4a4c-9ccb-2fb54a31b996
2025-05-30 12:29:11,915 - __main__ - INFO - Getting RAG status | {"trace_id": "540363bf-09a2-4c07-8781-6b731f0a6e73", "timestamp": "2025-05-30T10:29:11.915783", "operation": "rag_status"} - TraceID: 540363bf-09a2-4c07-8781-6b731f0a6e73
2025-05-30 12:29:22,015 - __main__ - ERROR - RAG status exception: HTTPConnectionPool(host='ragtreny.azurewebsites.net', port=80): Read timed out. (read timeout=10) | {"trace_id": "540363bf-09a2-4c07-8781-6b731f0a6e73", "timestamp": "2025-05-30T10:29:22.015039", "error_type": "ReadTimeout"} - TraceID: 540363bf-09a2-4c07-8781-6b731f0a6e73
2025-05-30 12:33:40,869 - __main__ - INFO - Getting RAG status | {"trace_id": "2a7fcab1-fa50-4c3b-a92d-ff83cb095c5c", "timestamp": "2025-05-30T10:33:40.868560", "operation": "rag_status"} - TraceID: 2a7fcab1-fa50-4c3b-a92d-ff83cb095c5c
2025-05-30 12:33:41,127 - __main__ - INFO - RAG status retrieved successfully | {"trace_id": "2a7fcab1-fa50-4c3b-a92d-ff83cb095c5c", "timestamp": "2025-05-30T10:33:41.126276", "backend_trace_id": "2a7fcab1-fa50-4c3b-a92d-ff83cb095c5c"} - TraceID: 2a7fcab1-fa50-4c3b-a92d-ff83cb095c5c
2025-05-30 12:33:49,133 - __main__ - INFO - Uploading PDF: treny.pdf | {"trace_id": "af8d0abf-c35a-42cb-9813-c61f0c4d9431", "timestamp": "2025-05-30T10:33:49.133385", "operation": "pdf_upload", "filename": "treny.pdf", "file_size": 741723} - TraceID: af8d0abf-c35a-42cb-9813-c61f0c4d9431
2025-05-30 12:33:55,696 - __main__ - INFO - PDF upload successful | {"trace_id": "af8d0abf-c35a-42cb-9813-c61f0c4d9431", "timestamp": "2025-05-30T10:33:55.694528", "backend_trace_id": "af8d0abf-c35a-42cb-9813-c61f0c4d9431", "chunks_created": 113} - TraceID: af8d0abf-c35a-42cb-9813-c61f0c4d9431
2025-05-30 12:33:55,696 - __main__ - INFO - Getting RAG status | {"trace_id": "9a072d75-db0f-4cd1-886e-1a07da72c91d", "timestamp": "2025-05-30T10:33:55.696546", "operation": "rag_status"} - TraceID: 9a072d75-db0f-4cd1-886e-1a07da72c91d
2025-05-30 12:34:05,878 - __main__ - ERROR - RAG status exception: HTTPSConnectionPool(host='ragtreny.azurewebsites.net', port=443): Read timed out. (read timeout=10) | {"trace_id": "9a072d75-db0f-4cd1-886e-1a07da72c91d", "timestamp": "2025-05-30T10:34:05.878017", "error_type": "ReadTimeout"} - TraceID: 9a072d75-db0f-4cd1-886e-1a07da72c91d
2025-05-30 12:34:18,381 - __main__ - INFO - Sending RAG query: Kim by³a urszulka?... | {"trace_id": "06f8d03c-4bc5-4f60-8669-11e8e021e3d6", "timestamp": "2025-05-30T10:34:18.381470", "operation": "rag_query", "question_length": 18, "verbose": false} - TraceID: 06f8d03c-4bc5-4f60-8669-11e8e021e3d6
2025-05-30 12:34:49,576 - __main__ - ERROR - RAG query exception: HTTPSConnectionPool(host='ragtreny.azurewebsites.net', port=443): Read timed out. (read timeout=30) | {"trace_id": "06f8d03c-4bc5-4f60-8669-11e8e021e3d6", "timestamp": "2025-05-30T10:34:49.576893", "error_type": "ReadTimeout"} - TraceID: 06f8d03c-4bc5-4f60-8669-11e8e021e3d6
2025-05-30 12:36:16,333 - __main__ - INFO - Getting RAG status | {"trace_id": "31c733c7-9887-4f40-9d22-b005cad2717f", "timestamp": "2025-05-30T10:36:16.333062", "operation": "rag_status"} - TraceID: 31c733c7-9887-4f40-9d22-b005cad2717f
2025-05-30 12:36:17,614 - __main__ - INFO - RAG status retrieved successfully | {"trace_id": "31c733c7-9887-4f40-9d22-b005cad2717f", "timestamp": "2025-05-30T10:36:17.614038", "backend_trace_id": "31c733c7-9887-4f40-9d22-b005cad2717f"} - TraceID: 31c733c7-9887-4f40-9d22-b005cad2717f
2025-05-30 12:36:23,546 - __main__ - INFO - Testing error endpoint: division_by_zero | {"trace_id": "8d8067f9-0b84-453d-a73d-adddf54a2f66", "timestamp": "2025-05-30T10:36:23.546121", "operation": "test_error", "error_type": "division_by_zero", "intentional": true} - TraceID: 8d8067f9-0b84-453d-a73d-adddf54a2f66
2025-05-30 12:37:23,725 - __main__ - ERROR - Error endpoint test exception: HTTPSConnectionPool(host='ragtreny.azurewebsites.net', port=443): Read timed out. (read timeout=60) | {"trace_id": "8d8067f9-0b84-453d-a73d-adddf54a2f66", "timestamp": "2025-05-30T10:37:23.725712", "error_type": "ReadTimeout"} - TraceID: 8d8067f9-0b84-453d-a73d-adddf54a2f66
2025-05-30 12:40:20,781 - __main__ - INFO - Getting RAG status | {"trace_id": "54c08f5f-3080-4380-b842-fa699e57b334", "timestamp": "2025-05-30T10:40:20.781035", "operation": "rag_status"} - TraceID: 54c08f5f-3080-4380-b842-fa699e57b334
2025-05-30 12:40:31,996 - __main__ - ERROR - RAG status exception: HTTPSConnectionPool(host='ragtreny.azurewebsites.net', port=443): Read timed out. (read timeout=10) | {"trace_id": "54c08f5f-3080-4380-b842-fa699e57b334", "timestamp": "2025-05-30T10:40:31.996899", "error_type": "ReadTimeout"} - TraceID: 54c08f5f-3080-4380-b842-fa699e57b334
2025-05-30 12:41:13,939 - __main__ - INFO - Getting RAG status | {"trace_id": "03da735f-28ab-4f7c-b0c3-b1981f957890", "timestamp": "2025-05-30T10:41:13.939994", "operation": "rag_status"} - TraceID: 03da735f-28ab-4f7c-b0c3-b1981f957890
2025-05-30 12:41:25,130 - __main__ - ERROR - RAG status exception: HTTPSConnectionPool(host='ragtreny.azurewebsites.net', port=443): Read timed out. (read timeout=10) | {"trace_id": "03da735f-28ab-4f7c-b0c3-b1981f957890", "timestamp": "2025-05-30T10:41:25.130119", "error_type": "ReadTimeout"} - TraceID: 03da735f-28ab-4f7c-b0c3-b1981f957890
2025-05-30 12:50:03,395 - __main__ - INFO - Getting RAG status | {"trace_id": "8a6d20f7-dd18-4c90-b2b4-a92818c9cc3c", "timestamp": "2025-05-30T10:50:03.395095", "operation": "rag_status"} - TraceID: 8a6d20f7-dd18-4c90-b2b4-a92818c9cc3c
2025-05-30 12:50:13,606 - __main__ - ERROR - RAG status exception: HTTPSConnectionPool(host='ragtreny.azurewebsites.net', port=443): Read timed out. (read timeout=10) | {"trace_id": "8a6d20f7-dd18-4c90-b2b4-a92818c9cc3c", "timestamp": "2025-05-30T10:50:13.606597", "error_type": "ReadTimeout"} - TraceID: 8a6d20f7-dd18-4c90-b2b4-a92818c9cc3c
2025-05-30 12:51:31,070 - __main__ - INFO - Getting RAG status | {"trace_id": "c5b93d3c-8524-49c9-a554-c8d0070ec0b0", "timestamp": "2025-05-30T10:51:31.070525", "operation": "rag_status"} - TraceID: c5b93d3c-8524-49c9-a554-c8d0070ec0b0
2025-05-30 12:51:35,098 - __main__ - INFO - RAG status retrieved successfully | {"trace_id": "c5b93d3c-8524-49c9-a554-c8d0070ec0b0", "timestamp": "2025-05-30T10:51:35.098296", "backend_trace_id": "c5b93d3c-8524-49c9-a554-c8d0070ec0b0"} - TraceID: c5b93d3c-8524-49c9-a554-c8d0070ec0b0
2025-05-30 12:51:54,469 - __main__ - INFO - Uploading PDF: treny.pdf | {"trace_id": "de52ea81-14b6-4d18-9f9f-f36417ed951e", "timestamp": "2025-05-30T10:51:54.469774", "operation": "pdf_upload", "filename": "treny.pdf", "file_size": 741723} - TraceID: de52ea81-14b6-4d18-9f9f-f36417ed951e
2025-05-30 12:51:59,293 - __main__ - INFO - PDF upload successful | {"trace_id": "de52ea81-14b6-4d18-9f9f-f36417ed951e", "timestamp": "2025-05-30T10:51:59.293316", "backend_trace_id": "de52ea81-14b6-4d18-9f9f-f36417ed951e", "chunks_created": 113} - TraceID: de52ea81-14b6-4d18-9f9f-f36417ed951e
2025-05-30 12:51:59,294 - __main__ - INFO - Getting RAG status | {"trace_id": "d42a533d-5b93-471e-b6dc-9018d9e0c9d2", "timestamp": "2025-05-30T10:51:59.294364", "operation": "rag_status"} - TraceID: d42a533d-5b93-471e-b6dc-9018d9e0c9d2
2025-05-30 12:52:02,250 - __main__ - INFO - RAG status retrieved successfully | {"trace_id": "d42a533d-5b93-471e-b6dc-9018d9e0c9d2", "timestamp": "2025-05-30T10:52:02.250158", "backend_trace_id": "d42a533d-5b93-471e-b6dc-9018d9e0c9d2"} - TraceID: d42a533d-5b93-471e-b6dc-9018d9e0c9d2
2025-05-30 12:52:18,447 - __main__ - INFO - Sending RAG query: Kim jest orszulka?... | {"trace_id": "b1314d82-acc3-41f2-adf5-f5ba9ba91029", "timestamp": "2025-05-30T10:52:18.447915", "operation": "rag_query", "question_length": 18, "verbose": false} - TraceID: b1314d82-acc3-41f2-adf5-f5ba9ba91029
2025-05-30 12:53:10,027 - __main__ - INFO - RAG query successful | {"trace_id": "b1314d82-acc3-41f2-adf5-f5ba9ba91029", "timestamp": "2025-05-30T10:53:10.027436", "backend_trace_id": "b1314d82-acc3-41f2-adf5-f5ba9ba91029", "sources_count": 3} - TraceID: b1314d82-acc3-41f2-adf5-f5ba9ba91029
2025-05-30 12:53:34,246 - __main__ - INFO - Sending RAG query: A tak naprawdê?... | {"trace_id": "20a4d54b-08aa-4d69-8c60-e38aa2316f22", "timestamp": "2025-05-30T10:53:34.246719", "operation": "rag_query", "question_length": 15, "verbose": false} - TraceID: 20a4d54b-08aa-4d69-8c60-e38aa2316f22
2025-05-30 12:53:39,291 - __main__ - INFO - RAG query successful | {"trace_id": "20a4d54b-08aa-4d69-8c60-e38aa2316f22", "timestamp": "2025-05-30T10:53:39.291027", "backend_trace_id": "20a4d54b-08aa-4d69-8c60-e38aa2316f22", "sources_count": 3} - TraceID: 20a4d54b-08aa-4d69-8c60-e38aa2316f22
2025-05-30 13:02:11,434 - __main__ - INFO - Sending RAG query: how many documents youve got... | {"trace_id": "9b1a4098-309f-4ede-bbc9-9c44fea72b8d", "timestamp": "2025-05-30T11:02:11.434926", "operation": "rag_query", "question_length": 28, "verbose": false} - TraceID: 9b1a4098-309f-4ede-bbc9-9c44fea72b8d
2025-05-30 13:02:13,503 - __main__ - ERROR - RAG query exception: HTTPSConnectionPool(host='localhost', port=7075): Max retries exceeded with url: /api/rag/query (Caused by SSLError(SSLError(1, '[SSL: WRONG_VERSION_NUMBER] wrong version number (_ssl.c:1006)'))) | {"trace_id": "9b1a4098-309f-4ede-bbc9-9c44fea72b8d", "timestamp": "2025-05-30T11:02:13.503811", "error_type": "SSLError"} - TraceID: 9b1a4098-309f-4ede-bbc9-9c44fea72b8d
2025-05-30 13:02:42,284 - __main__ - INFO - Sending RAG query: how many documents youve gto... | {"trace_id": "85ec5a67-97c3-495a-9113-270f72b47933", "timestamp": "2025-05-30T11:02:42.284048", "operation": "rag_query", "question_length": 28, "verbose": false} - TraceID: 85ec5a67-97c3-495a-9113-270f72b47933
2025-05-30 13:02:48,481 - __main__ - INFO - RAG query successful | {"trace_id": "85ec5a67-97c3-495a-9113-270f72b47933", "timestamp": "2025-05-30T11:02:48.481420", "backend_trace_id": "85ec5a67-97c3-495a-9113-270f72b47933", "sources_count": 3} - TraceID: 85ec5a67-97c3-495a-9113-270f72b47933
2025-05-30 13:04:03,428 - __main__ - INFO - Getting RAG status | {"trace_id": "590663f8-b689-4c2e-ba1b-67d409a2fb82", "timestamp": "2025-05-30T11:04:03.428339", "operation": "rag_status"} - TraceID: 590663f8-b689-4c2e-ba1b-67d409a2fb82
2025-05-30 13:04:08,621 - __main__ - INFO - RAG status retrieved successfully | {"trace_id": "590663f8-b689-4c2e-ba1b-67d409a2fb82", "timestamp": "2025-05-30T11:04:08.621967", "backend_trace_id": "590663f8-b689-4c2e-ba1b-67d409a2fb82"} - TraceID: 590663f8-b689-4c2e-ba1b-67d409a2fb82
2025-05-30 13:04:45,888 - __main__ - INFO - Testing error endpoint: generic | {"trace_id": "1b5f64bc-b9b2-469e-b59a-612d04dfab5a", "timestamp": "2025-05-30T11:04:45.888191", "operation": "test_error", "error_type": "generic", "intentional": true} - TraceID: 1b5f64bc-b9b2-469e-b59a-612d04dfab5a
2025-05-30 13:04:47,946 - __main__ - INFO - Test error executed successfully | {"trace_id": "1b5f64bc-b9b2-469e-b59a-612d04dfab5a", "timestamp": "2025-05-30T11:04:47.946946", "backend_trace_id": "1b5f64bc-b9b2-469e-b59a-612d04dfab5a", "error_type": "ValueError", "intentional": true} - TraceID: 1b5f64bc-b9b2-469e-b59a-612d04dfab5a
2025-05-30 13:07:32,827 - __main__ - INFO - Getting RAG status | {"trace_id": "d869de33-cf23-4e4b-9645-0cba48f7ebe8", "timestamp": "2025-05-30T11:07:32.827115", "operation": "rag_status"} - TraceID: d869de33-cf23-4e4b-9645-0cba48f7ebe8
2025-05-30 13:07:36,855 - __main__ - INFO - RAG status retrieved successfully | {"trace_id": "d869de33-cf23-4e4b-9645-0cba48f7ebe8", "timestamp": "2025-05-30T11:07:36.855591", "backend_trace_id": "d869de33-cf23-4e4b-9645-0cba48f7ebe8"} - TraceID: d869de33-cf23-4e4b-9645-0cba48f7ebe8
2025-05-30 13:09:31,028 - __main__ - WARNING - Clearing database initiated | {"trace_id": "7d176340-23a2-431c-b901-c0dd0ab2e5c6", "timestamp": "2025-05-30T11:09:31.028419", "operation": "clear_database"} - TraceID: 7d176340-23a2-431c-b901-c0dd0ab2e5c6
2025-05-30 13:09:31,028 - __main__ - WARNING - Clearing database | {"trace_id": "34b895bc-6e6b-4313-bcf5-230807b56e35", "timestamp": "2025-05-30T11:09:31.028923", "operation": "clear_database"} - TraceID: 34b895bc-6e6b-4313-bcf5-230807b56e35
2025-05-30 13:09:37,058 - __main__ - ERROR - Database clear failed | {"trace_id": "34b895bc-6e6b-4313-bcf5-230807b56e35", "timestamp": "2025-05-30T11:09:37.058154", "status_code": 500, "response_text": "{\"error\": \"Internal server error\", \"message\": \"'AzureSearch' object has no attribute 'delete_collection'\", \"trace_id\": \"34b895bc-6e6b-4313-bcf5-230807b56e35\"}"} - TraceID: 34b895bc-6e6b-4313-bcf5-230807b56e35
2025-05-30 13:09:37,059 - __main__ - INFO - Getting RAG status | {"trace_id": "2e92b8fd-7ac8-4143-b640-ab29ba6de66d", "timestamp": "2025-05-30T11:09:37.059157", "operation": "rag_status"} - TraceID: 2e92b8fd-7ac8-4143-b640-ab29ba6de66d
2025-05-30 13:09:39,085 - __main__ - INFO - RAG status retrieved successfully | {"trace_id": "2e92b8fd-7ac8-4143-b640-ab29ba6de66d", "timestamp": "2025-05-30T11:09:39.085909", "backend_trace_id": "2e92b8fd-7ac8-4143-b640-ab29ba6de66d"} - TraceID: 2e92b8fd-7ac8-4143-b640-ab29ba6de66d
2025-05-30 13:10:53,723 - __main__ - WARNING - Clearing database initiated | {"trace_id": "297d0249-192a-4edb-a37e-49d76a34d317", "timestamp": "2025-05-30T11:10:53.723198", "operation": "clear_database"} - TraceID: 297d0249-192a-4edb-a37e-49d76a34d317
2025-05-30 13:10:53,723 - __main__ - WARNING - Clearing database | {"trace_id": "ab4113e9-03e8-47c5-8ba2-82f4ae72883f", "timestamp": "2025-05-30T11:10:53.723198", "operation": "clear_database"} - TraceID: ab4113e9-03e8-47c5-8ba2-82f4ae72883f
2025-05-30 13:11:00,308 - __main__ - WARNING - Database cleared successfully | {"trace_id": "ab4113e9-03e8-47c5-8ba2-82f4ae72883f", "timestamp": "2025-05-30T11:11:00.308786", "backend_trace_id": "ab4113e9-03e8-47c5-8ba2-82f4ae72883f"} - TraceID: ab4113e9-03e8-47c5-8ba2-82f4ae72883f
2025-05-30 13:11:00,308 - __main__ - INFO - Getting RAG status | {"trace_id": "5cae76eb-0a9c-4549-b69e-e886e0c852c6", "timestamp": "2025-05-30T11:11:00.308786", "operation": "rag_status"} - TraceID: 5cae76eb-0a9c-4549-b69e-e886e0c852c6
2025-05-30 13:11:02,371 - __main__ - INFO - RAG status retrieved successfully | {"trace_id": "5cae76eb-0a9c-4549-b69e-e886e0c852c6", "timestamp": "2025-05-30T11:11:02.371312", "backend_trace_id": "5cae76eb-0a9c-4549-b69e-e886e0c852c6"} - TraceID: 5cae76eb-0a9c-4549-b69e-e886e0c852c6
2025-05-30 13:11:13,140 - __main__ - INFO - Testing error endpoint: generic | {"trace_id": "7cd66bdc-f11c-46a7-9e96-a0cfeca4e151", "timestamp": "2025-05-30T11:11:13.139744", "operation": "test_error", "error_type": "generic", "intentional": true} - TraceID: 7cd66bdc-f11c-46a7-9e96-a0cfeca4e151
2025-05-30 13:11:15,212 - __main__ - INFO - Test error executed successfully | {"trace_id": "7cd66bdc-f11c-46a7-9e96-a0cfeca4e151", "timestamp": "2025-05-30T11:11:15.212603", "backend_trace_id": "7cd66bdc-f11c-46a7-9e96-a0cfeca4e151", "error_type": "ValueError", "intentional": true} - TraceID: 7cd66bdc-f11c-46a7-9e96-a0cfeca4e151
2025-05-30 13:11:23,067 - __main__ - INFO - Sending RAG query: Kim jest orszulka?... | {"trace_id": "ff062553-84ee-4c83-a85d-d2ad3f7012d0", "timestamp": "2025-05-30T11:11:23.067806", "operation": "rag_query", "question_length": 18, "verbose": false} - TraceID: ff062553-84ee-4c83-a85d-d2ad3f7012d0
2025-05-30 13:11:30,501 - __main__ - INFO - RAG query successful | {"trace_id": "ff062553-84ee-4c83-a85d-d2ad3f7012d0", "timestamp": "2025-05-30T11:11:30.501051", "backend_trace_id": "ff062553-84ee-4c83-a85d-d2ad3f7012d0", "sources_count": 0} - TraceID: ff062553-84ee-4c83-a85d-d2ad3f7012d0
2025-05-30 13:11:54,767 - __main__ - INFO - Uploading PDF: New York Brochure.pdf | {"trace_id": "108973a0-0bc1-4c30-88f1-762b389ff783", "timestamp": "2025-05-30T11:11:54.767849", "operation": "pdf_upload", "filename": "New York Brochure.pdf", "file_size": 382414} - TraceID: 108973a0-0bc1-4c30-88f1-762b389ff783
2025-05-30 13:11:57,414 - __main__ - INFO - PDF upload successful | {"trace_id": "108973a0-0bc1-4c30-88f1-762b389ff783", "timestamp": "2025-05-30T11:11:57.414352", "backend_trace_id": "108973a0-0bc1-4c30-88f1-762b389ff783", "chunks_created": 2} - TraceID: 108973a0-0bc1-4c30-88f1-762b389ff783
2025-05-30 13:11:57,415 - __main__ - INFO - Getting RAG status | {"trace_id": "9a6747d8-c297-4d67-a90f-612453eaa018", "timestamp": "2025-05-30T11:11:57.415391", "operation": "rag_status"} - TraceID: 9a6747d8-c297-4d67-a90f-612453eaa018
2025-05-30 13:11:59,467 - __main__ - INFO - RAG status retrieved successfully | {"trace_id": "9a6747d8-c297-4d67-a90f-612453eaa018", "timestamp": "2025-05-30T11:11:59.467220", "backend_trace_id": "9a6747d8-c297-4d67-a90f-612453eaa018"} - TraceID: 9a6747d8-c297-4d67-a90f-612453eaa018
2025-05-30 13:12:14,433 - __main__ - INFO - Sending RAG query: Gdzie mogê siê zatrzymaæ w Nowym Jorku?... | {"trace_id": "f66cde55-7e95-4c86-b019-1bfd879a5a76", "timestamp": "2025-05-30T11:12:14.433650", "operation": "rag_query", "question_length": 39, "verbose": false} - TraceID: f66cde55-7e95-4c86-b019-1bfd879a5a76
2025-05-30 13:12:20,093 - __main__ - INFO - RAG query successful | {"trace_id": "f66cde55-7e95-4c86-b019-1bfd879a5a76", "timestamp": "2025-05-30T11:12:20.093744", "backend_trace_id": "f66cde55-7e95-4c86-b019-1bfd879a5a76", "sources_count": 2} - TraceID: f66cde55-7e95-4c86-b019-1bfd879a5a76
2025-05-30 13:12:28,658 - __main__ - WARNING - Clearing database initiated | {"trace_id": "dae56478-a326-4442-a0c2-52fb54170862", "timestamp": "2025-05-30T11:12:28.658879", "operation": "clear_database"} - TraceID: dae56478-a326-4442-a0c2-52fb54170862
2025-05-30 13:12:28,658 - __main__ - WARNING - Clearing database | {"trace_id": "f9e2fa16-53d2-4eae-af4f-d6d7e003cdd3", "timestamp": "2025-05-30T11:12:28.658879", "operation": "clear_database"} - TraceID: f9e2fa16-53d2-4eae-af4f-d6d7e003cdd3
2025-05-30 13:12:31,563 - __main__ - WARNING - Database cleared successfully | {"trace_id": "f9e2fa16-53d2-4eae-af4f-d6d7e003cdd3", "timestamp": "2025-05-30T11:12:31.563369", "backend_trace_id": "f9e2fa16-53d2-4eae-af4f-d6d7e003cdd3"} - TraceID: f9e2fa16-53d2-4eae-af4f-d6d7e003cdd3
2025-05-30 13:12:31,564 - __main__ - INFO - Getting RAG status | {"trace_id": "bfb692d1-c282-4490-8fd9-0c324c6608c6", "timestamp": "2025-05-30T11:12:31.564374", "operation": "rag_status"} - TraceID: bfb692d1-c282-4490-8fd9-0c324c6608c6
2025-05-30 13:12:33,620 - __main__ - INFO - RAG status retrieved successfully | {"trace_id": "bfb692d1-c282-4490-8fd9-0c324c6608c6", "timestamp": "2025-05-30T11:12:33.620663", "backend_trace_id": "bfb692d1-c282-4490-8fd9-0c324c6608c6"} - TraceID: bfb692d1-c282-4490-8fd9-0c324c6608c6
2025-05-30 13:12:42,122 - __main__ - INFO - Sending RAG query: Gdzie mogê siê zatrzymaæ w nowym jorku?... | {"trace_id": "f8c1bf80-26b7-4f30-b27f-94ce6b3522c5", "timestamp": "2025-05-30T11:12:42.122932", "operation": "rag_query", "question_length": 39, "verbose": false} - TraceID: f8c1bf80-26b7-4f30-b27f-94ce6b3522c5
2025-05-30 13:12:46,420 - __main__ - INFO - RAG query successful | {"trace_id": "f8c1bf80-26b7-4f30-b27f-94ce6b3522c5", "timestamp": "2025-05-30T11:12:46.420818", "backend_trace_id": "f8c1bf80-26b7-4f30-b27f-94ce6b3522c5", "sources_count": 0} - TraceID: f8c1bf80-26b7-4f30-b27f-94ce6b3522c5
