2025-05-27 18:46:34 | ChromaRAGClient | INFO | __init__:40 | Initializing Chroma RAG Client...
2025-05-27 18:50:17 | ChromaRAGClient | INFO | __init__:40 | Initializing Chroma RAG Client...
2025-05-27 18:51:26 | ChromaRAGClient | INFO | __init__:40 | Initializing Chroma RAG Client...
2025-05-27 18:53:18 | ChromaRAGClient | INFO | __init__:40 | Initializing Chroma RAG Client...
2025-05-27 18:54:50 | ChromaRAGClient | INFO | __init__:40 | Initializing Chroma RAG Client...
2025-05-27 18:55:45 | ChromaRAGClient | INFO | __init__:40 | Initializing Chroma RAG Client...
2025-05-27 18:58:29 | ChromaRAGClient | INFO | __init__:40 | Initializing Chroma RAG Client...
2025-05-27 18:58:52 | ChromaRAGClient | INFO | __init__:40 | Initializing Chroma RAG Client...
2025-05-27 18:59:06 | ChromaRAGClient | INFO | __init__:40 | Initializing Chroma RAG Client...
2025-05-27 18:59:15 | ChromaRAGClient | INFO | __init__:40 | Initializing Chroma RAG Client...
2025-05-27 18:59:16 | ChromaRAGClient | INFO | __init__:110 | Chroma RAG Client initialized successfully
2025-05-27 18:59:16 | ChromaRAGClient | INFO | __init__:111 | Vector database: ./db/chroma_db
2025-05-27 18:59:16 | ChromaRAGClient | INFO | __init__:112 | Collection size: 0 documents
2025-05-27 18:59:16 | ChromaRAGClient | INFO | __init__:30 | Document processor initialized - chunk_size: 1000, overlap: 200
2025-05-27 18:59:16 | ChromaRAGClient | INFO | index_pdf_files:164 | Starting PDF indexing pipeline
2025-05-27 18:59:16 | ChromaRAGClient | ERROR | validate_pdf_files:57 | PDF file not found: data/brochures/Dubai Brochure.pdf
2025-05-27 18:59:16 | ChromaRAGClient | ERROR | validate_pdf_files:57 | PDF file not found: data/brochures/Las Vegas Brochure.pdf
2025-05-27 18:59:16 | ChromaRAGClient | INFO | validate_pdf_files:76 | Validated 0/2 PDF files
2025-05-27 18:59:16 | ChromaRAGClient | INFO | index_directory:204 | Indexing directory: data/pdfs
2025-05-27 18:59:16 | ChromaRAGClient | ERROR | find_pdf_files:37 | Directory not found: data\pdfs
2025-05-27 18:59:16 | ChromaRAGClient | INFO | ask_rag:231 | Processing RAG query: 'What destinations are available?'
2025-05-27 18:59:16 | ChromaRAGClient | INFO | ask_rag:231 | Processing RAG query: 'Tell me about Dubai hotels'
2025-05-27 19:00:11 | ChromaRAGClient | INFO | __init__:40 | Initializing Chroma RAG Client...
2025-05-27 19:00:12 | ChromaRAGClient | INFO | __init__:110 | Chroma RAG Client initialized successfully
2025-05-27 19:00:12 | ChromaRAGClient | INFO | __init__:111 | Vector database: ./db/chroma_db
2025-05-27 19:00:12 | ChromaRAGClient | INFO | __init__:112 | Collection size: 0 documents
2025-05-27 19:00:12 | ChromaRAGClient | INFO | __init__:30 | Document processor initialized - chunk_size: 1000, overlap: 200
2025-05-27 19:00:12 | ChromaRAGClient | INFO | index_pdf_files:164 | Starting PDF indexing pipeline
2025-05-27 19:00:12 | ChromaRAGClient | ERROR | validate_pdf_files:57 | PDF file not found: data/brochures/Dubai Brochure.pdf
2025-05-27 19:00:12 | ChromaRAGClient | ERROR | validate_pdf_files:57 | PDF file not found: data/brochures/Las Vegas Brochure.pdf
2025-05-27 19:00:12 | ChromaRAGClient | INFO | validate_pdf_files:76 | Validated 0/2 PDF files
2025-05-27 19:00:12 | ChromaRAGClient | INFO | index_directory:204 | Indexing directory: data/pdfs
2025-05-27 19:00:12 | ChromaRAGClient | ERROR | find_pdf_files:37 | Directory not found: data\pdfs
2025-05-27 19:00:12 | ChromaRAGClient | INFO | ask_rag:231 | Processing RAG query: 'What destinations are available?'
2025-05-27 19:00:12 | ChromaRAGClient | INFO | ask_rag:231 | Processing RAG query: 'Tell me about Dubai hotels'
2025-05-27 19:02:51 | ChromaRAGClient | INFO | __init__:40 | Initializing Chroma RAG Client...
2025-05-27 19:03:18 | ChromaRAGClient | INFO | __init__:40 | Initializing Chroma RAG Client...
2025-05-27 19:03:20 | ChromaRAGClient | INFO | __init__:110 | Chroma RAG Client initialized successfully
2025-05-27 19:03:20 | ChromaRAGClient | INFO | __init__:111 | Vector database: ./db/chroma_db
2025-05-27 19:03:20 | ChromaRAGClient | INFO | __init__:112 | Collection size: 0 documents
2025-05-27 19:03:20 | ChromaRAGClient | INFO | __init__:30 | Document processor initialized - chunk_size: 1000, overlap: 200
2025-05-27 19:03:20 | ChromaRAGClient | INFO | index_pdf_files:163 | Starting PDF indexing pipeline
2025-05-27 19:03:20 | ChromaRAGClient | DEBUG | validate_pdf_files:71 | Valid PDF: data/Dubai Brochure.pdf (388622 bytes)
2025-05-27 19:03:20 | ChromaRAGClient | DEBUG | validate_pdf_files:71 | Valid PDF: data/Las Vegas Brochure.pdf (569917 bytes)
2025-05-27 19:03:20 | ChromaRAGClient | INFO | validate_pdf_files:75 | Validated 2/2 PDF files
2025-05-27 19:03:20 | ChromaRAGClient | INFO | process_pdf_batch:125 | Processing batch of 2 PDF files
2025-05-27 19:03:20 | ChromaRAGClient | INFO | process_single_pdf:80 | Processing PDF: data\Dubai Brochure.pdf
2025-05-27 19:03:38 | ChromaRAGClient | INFO | __init__:40 | Initializing Chroma RAG Client...
2025-05-27 19:03:39 | ChromaRAGClient | INFO | __init__:110 | Chroma RAG Client initialized successfully
2025-05-27 19:03:39 | ChromaRAGClient | INFO | __init__:111 | Vector database: ./db/chroma_db
2025-05-27 19:03:39 | ChromaRAGClient | INFO | __init__:112 | Collection size: 0 documents
2025-05-27 19:03:39 | ChromaRAGClient | INFO | __init__:30 | Document processor initialized - chunk_size: 1000, overlap: 200
2025-05-27 19:03:39 | ChromaRAGClient | INFO | index_pdf_files:163 | Starting PDF indexing pipeline
2025-05-27 19:03:39 | ChromaRAGClient | DEBUG | validate_pdf_files:71 | Valid PDF: data/Dubai Brochure.pdf (388622 bytes)
2025-05-27 19:03:39 | ChromaRAGClient | DEBUG | validate_pdf_files:71 | Valid PDF: data/Las Vegas Brochure.pdf (569917 bytes)
2025-05-27 19:03:39 | ChromaRAGClient | INFO | validate_pdf_files:75 | Validated 2/2 PDF files
2025-05-27 19:03:39 | ChromaRAGClient | INFO | process_pdf_batch:125 | Processing batch of 2 PDF files
2025-05-27 19:03:39 | ChromaRAGClient | INFO | process_single_pdf:80 | Processing PDF: data\Dubai Brochure.pdf
2025-05-27 19:03:39 | ChromaRAGClient | DEBUG | process_single_pdf:87 | Loaded 1 pages from data\Dubai Brochure.pdf
2025-05-27 19:03:39 | ChromaRAGClient | INFO | process_single_pdf:104 | Created 1 chunks from data\Dubai Brochure.pdf
2025-05-27 19:03:39 | ChromaRAGClient | INFO | process_single_pdf:80 | Processing PDF: data\Las Vegas Brochure.pdf
2025-05-27 19:03:39 | ChromaRAGClient | DEBUG | process_single_pdf:87 | Loaded 1 pages from data\Las Vegas Brochure.pdf
2025-05-27 19:03:39 | ChromaRAGClient | INFO | process_single_pdf:104 | Created 2 chunks from data\Las Vegas Brochure.pdf
2025-05-27 19:03:39 | ChromaRAGClient | INFO | process_pdf_batch:136 | Successfully processed 2/2 PDFs
2025-05-27 19:03:39 | ChromaRAGClient | INFO | process_pdf_batch:137 | Total document chunks: 3
2025-05-27 19:03:39 | ChromaRAGClient | INFO | add_documents_to_chroma:147 | Adding 3 documents to Chroma database
2025-05-27 19:03:39 | ChromaRAGClient | INFO | add_documents:143 | Adding 3 documents to Chroma
2025-05-27 19:03:43 | ChromaRAGClient | INFO | add_documents:152 | Successfully added 3 documents to Chroma
2025-05-27 19:03:43 | ChromaRAGClient | INFO | add_documents:153 | Total documents in collection: 3
2025-05-27 19:03:43 | ChromaRAGClient | INFO | add_documents_to_chroma:153 | Successfully added 3 documents to Chroma
2025-05-27 19:03:43 | ChromaRAGClient | INFO | index_pdf_files:198 | Indexing pipeline completed: {'success': True, 'message': 'PDF indexing completed successfully', 'files_processed': 2, 'chunks_created': 3, 'chunks_indexed': 3}
2025-05-27 19:03:43 | ChromaRAGClient | INFO | index_directory:203 | Indexing directory: data/pdfs
2025-05-27 19:03:43 | ChromaRAGClient | ERROR | find_pdf_files:37 | Directory not found: data\pdfs
2025-05-27 19:03:43 | ChromaRAGClient | INFO | ask_rag:231 | Processing RAG query: 'What destinations are available?'
2025-05-27 19:04:15 | ChromaRAGClient | INFO | __init__:40 | Initializing Chroma RAG Client...
2025-05-27 19:04:16 | ChromaRAGClient | INFO | __init__:110 | Chroma RAG Client initialized successfully
2025-05-27 19:04:16 | ChromaRAGClient | INFO | __init__:111 | Vector database: ./db/chroma_db
2025-05-27 19:04:16 | ChromaRAGClient | INFO | __init__:112 | Collection size: 3 documents
2025-05-27 19:04:16 | ChromaRAGClient | INFO | __init__:30 | Document processor initialized - chunk_size: 1000, overlap: 200
2025-05-27 19:04:16 | ChromaRAGClient | INFO | index_pdf_files:163 | Starting PDF indexing pipeline
2025-05-27 19:04:16 | ChromaRAGClient | DEBUG | validate_pdf_files:71 | Valid PDF: data/Dubai Brochure.pdf (388622 bytes)
2025-05-27 19:04:16 | ChromaRAGClient | DEBUG | validate_pdf_files:71 | Valid PDF: data/Las Vegas Brochure.pdf (569917 bytes)
2025-05-27 19:04:16 | ChromaRAGClient | INFO | validate_pdf_files:75 | Validated 2/2 PDF files
2025-05-27 19:04:16 | ChromaRAGClient | INFO | process_pdf_batch:125 | Processing batch of 2 PDF files
2025-05-27 19:04:16 | ChromaRAGClient | INFO | process_single_pdf:80 | Processing PDF: data\Dubai Brochure.pdf
2025-05-27 19:04:16 | ChromaRAGClient | DEBUG | process_single_pdf:87 | Loaded 1 pages from data\Dubai Brochure.pdf
2025-05-27 19:04:16 | ChromaRAGClient | INFO | process_single_pdf:104 | Created 1 chunks from data\Dubai Brochure.pdf
2025-05-27 19:04:16 | ChromaRAGClient | INFO | process_single_pdf:80 | Processing PDF: data\Las Vegas Brochure.pdf
2025-05-27 19:04:16 | ChromaRAGClient | DEBUG | process_single_pdf:87 | Loaded 1 pages from data\Las Vegas Brochure.pdf
2025-05-27 19:04:16 | ChromaRAGClient | INFO | process_single_pdf:104 | Created 2 chunks from data\Las Vegas Brochure.pdf
2025-05-27 19:04:16 | ChromaRAGClient | INFO | process_pdf_batch:136 | Successfully processed 2/2 PDFs
2025-05-27 19:04:16 | ChromaRAGClient | INFO | process_pdf_batch:137 | Total document chunks: 3
2025-05-27 19:04:16 | ChromaRAGClient | INFO | add_documents_to_chroma:147 | Adding 3 documents to Chroma database
2025-05-27 19:04:16 | ChromaRAGClient | INFO | add_documents:143 | Adding 3 documents to Chroma
2025-05-27 19:04:16 | ChromaRAGClient | INFO | add_documents:152 | Successfully added 3 documents to Chroma
2025-05-27 19:04:16 | ChromaRAGClient | INFO | add_documents:153 | Total documents in collection: 6
2025-05-27 19:04:16 | ChromaRAGClient | INFO | add_documents_to_chroma:153 | Successfully added 3 documents to Chroma
2025-05-27 19:04:16 | ChromaRAGClient | INFO | index_pdf_files:198 | Indexing pipeline completed: {'success': True, 'message': 'PDF indexing completed successfully', 'files_processed': 2, 'chunks_created': 3, 'chunks_indexed': 3}
2025-05-27 19:04:16 | ChromaRAGClient | INFO | index_directory:203 | Indexing directory: data/pdfs
2025-05-27 19:04:16 | ChromaRAGClient | ERROR | find_pdf_files:37 | Directory not found: data\pdfs
2025-05-27 19:04:16 | ChromaRAGClient | INFO | ask_rag:231 | Processing RAG query: 'What destinations are available?'
2025-05-27 19:04:19 | ChromaRAGClient | INFO | _log_to_notebook:353 | Query logged to notebook: notebooks/chroma_queries.ipynb
2025-05-27 19:04:19 | ChromaRAGClient | INFO | ask_rag:296 | RAG query completed with 3 sources
2025-05-27 19:04:19 | ChromaRAGClient | INFO | ask_rag:231 | Processing RAG query: 'Tell me about Dubai hotels'
2025-05-27 19:04:20 | ChromaRAGClient | INFO | _log_to_notebook:353 | Query logged to notebook: notebooks/chroma_queries.ipynb
2025-05-27 19:04:20 | ChromaRAGClient | INFO | ask_rag:296 | RAG query completed with 3 sources
2025-05-27 19:17:38 | ChromaRAGClient | INFO | __init__:40 | Initializing Chroma RAG Client...
2025-05-27 19:17:39 | ChromaRAGClient | INFO | __init__:110 | Chroma RAG Client initialized successfully
2025-05-27 19:17:39 | ChromaRAGClient | INFO | __init__:111 | Vector database: .db/chroma_db
2025-05-27 19:17:39 | ChromaRAGClient | INFO | __init__:112 | Collection size: 0 documents
2025-05-27 19:18:12 | ChromaRAGClient | INFO | __init__:40 | Initializing Chroma RAG Client...
2025-05-27 19:18:13 | ChromaRAGClient | INFO | __init__:110 | Chroma RAG Client initialized successfully
2025-05-27 19:18:13 | ChromaRAGClient | INFO | __init__:111 | Vector database: db/chroma_db
2025-05-27 19:18:13 | ChromaRAGClient | INFO | __init__:112 | Collection size: 6 documents
2025-05-27 19:18:38 | ChromaRAGClient | INFO | __init__:40 | Initializing Chroma RAG Client...
2025-05-27 19:18:39 | ChromaRAGClient | INFO | __init__:110 | Chroma RAG Client initialized successfully
2025-05-27 19:18:39 | ChromaRAGClient | INFO | __init__:111 | Vector database: db/chroma_db
2025-05-27 19:18:39 | ChromaRAGClient | INFO | __init__:112 | Collection size: 6 documents
2025-05-27 19:18:56 | ChromaRAGClient | INFO | ask_rag:231 | Processing RAG query: 'Where can i go for vacation?'
2025-05-27 19:18:58 | ChromaRAGClient | INFO | _log_to_notebook:353 | Query logged to notebook: notebooks/chroma_queries.ipynb
2025-05-27 19:18:58 | ChromaRAGClient | INFO | ask_rag:296 | RAG query completed with 3 sources
2025-05-27 19:22:33 | ChromaRAGClient | INFO | __init__:40 | Initializing Chroma RAG Client...
2025-05-27 19:22:35 | ChromaRAGClient | INFO | __init__:110 | Chroma RAG Client initialized successfully
2025-05-27 19:22:35 | ChromaRAGClient | INFO | __init__:111 | Vector database: db/chroma_db
2025-05-27 19:22:35 | ChromaRAGClient | INFO | __init__:112 | Collection size: 6 documents
2025-05-27 19:23:38 | ChromaRAGClient | INFO | __init__:40 | Initializing Chroma RAG Client...
2025-05-27 19:23:40 | ChromaRAGClient | INFO | __init__:110 | Chroma RAG Client initialized successfully
2025-05-27 19:23:40 | ChromaRAGClient | INFO | __init__:111 | Vector database: db/chroma_db
2025-05-27 19:23:40 | ChromaRAGClient | INFO | __init__:112 | Collection size: 6 documents
2025-05-27 19:23:40 | ChromaRAGClient | INFO | __init__:30 | Document processor initialized - chunk_size: 1000, overlap: 200
2025-05-27 19:27:31 | ChromaRAGClient | INFO | __init__:40 | Initializing Chroma RAG Client...
2025-05-27 19:27:32 | ChromaRAGClient | INFO | __init__:110 | Chroma RAG Client initialized successfully
2025-05-27 19:27:32 | ChromaRAGClient | INFO | __init__:111 | Vector database: db/chroma_db
2025-05-27 19:27:32 | ChromaRAGClient | INFO | __init__:112 | Collection size: 6 documents
2025-05-27 19:27:32 | ChromaRAGClient | INFO | __init__:30 | Document processor initialized - chunk_size: 1000, overlap: 200
2025-05-27 19:27:42 | ChromaRAGClient | INFO | __init__:40 | Initializing Chroma RAG Client...
2025-05-27 19:27:43 | ChromaRAGClient | INFO | __init__:110 | Chroma RAG Client initialized successfully
2025-05-27 19:27:43 | ChromaRAGClient | INFO | __init__:111 | Vector database: db/chroma_db
2025-05-27 19:27:43 | ChromaRAGClient | INFO | __init__:112 | Collection size: 6 documents
2025-05-27 19:27:43 | ChromaRAGClient | INFO | __init__:30 | Document processor initialized - chunk_size: 1000, overlap: 200
2025-05-27 19:28:19 | ChromaRAGClient | INFO | __init__:40 | Initializing Chroma RAG Client...
2025-05-27 19:28:20 | ChromaRAGClient | INFO | __init__:110 | Chroma RAG Client initialized successfully
2025-05-27 19:28:20 | ChromaRAGClient | INFO | __init__:111 | Vector database: db/chroma_db
2025-05-27 19:28:20 | ChromaRAGClient | INFO | __init__:112 | Collection size: 6 documents
2025-05-27 19:28:20 | ChromaRAGClient | INFO | __init__:30 | Document processor initialized - chunk_size: 1000, overlap: 200
2025-05-27 19:28:31 | ChromaRAGClient | INFO | __init__:40 | Initializing Chroma RAG Client...
2025-05-27 19:28:32 | ChromaRAGClient | INFO | __init__:110 | Chroma RAG Client initialized successfully
2025-05-27 19:28:32 | ChromaRAGClient | INFO | __init__:111 | Vector database: db/chroma_db
2025-05-27 19:28:32 | ChromaRAGClient | INFO | __init__:112 | Collection size: 6 documents
2025-05-27 19:28:32 | ChromaRAGClient | INFO | __init__:30 | Document processor initialized - chunk_size: 1000, overlap: 200
2025-05-27 19:28:32 | ChromaRAGClient | INFO | index_directory:203 | Indexing directory: data-lektury
2025-05-27 19:28:32 | ChromaRAGClient | INFO | find_pdf_files:45 | Found 1 PDF files in data-lektury
2025-05-27 19:28:32 | ChromaRAGClient | INFO | index_pdf_files:163 | Starting PDF indexing pipeline
2025-05-27 19:28:32 | ChromaRAGClient | DEBUG | validate_pdf_files:71 | Valid PDF: data-lektury\pan-tadeusz.pdf (1193841 bytes)
2025-05-27 19:28:32 | ChromaRAGClient | INFO | validate_pdf_files:75 | Validated 1/1 PDF files
2025-05-27 19:28:32 | ChromaRAGClient | INFO | process_pdf_batch:125 | Processing batch of 1 PDF files
2025-05-27 19:28:32 | ChromaRAGClient | INFO | process_single_pdf:80 | Processing PDF: data-lektury\pan-tadeusz.pdf
2025-05-27 19:28:36 | ChromaRAGClient | DEBUG | process_single_pdf:87 | Loaded 212 pages from data-lektury\pan-tadeusz.pdf
2025-05-27 19:28:36 | ChromaRAGClient | INFO | process_single_pdf:104 | Created 698 chunks from data-lektury\pan-tadeusz.pdf
2025-05-27 19:28:36 | ChromaRAGClient | INFO | process_pdf_batch:136 | Successfully processed 1/1 PDFs
2025-05-27 19:28:36 | ChromaRAGClient | INFO | process_pdf_batch:137 | Total document chunks: 698
2025-05-27 19:28:36 | ChromaRAGClient | INFO | add_documents_to_chroma:147 | Adding 698 documents to Chroma database
2025-05-27 19:28:36 | ChromaRAGClient | INFO | add_documents:143 | Adding 698 documents to Chroma
2025-05-27 19:33:06 | ChromaRAGClient | INFO | __init__:40 | Initializing Chroma RAG Client...
2025-05-27 19:33:08 | ChromaRAGClient | INFO | __init__:110 | Chroma RAG Client initialized successfully
2025-05-27 19:33:08 | ChromaRAGClient | INFO | __init__:111 | Vector database: db/chroma_db
2025-05-27 19:33:08 | ChromaRAGClient | INFO | __init__:112 | Collection size: 6 documents
2025-05-27 19:33:08 | ChromaRAGClient | INFO | __init__:30 | Document processor initialized - chunk_size: 1000, overlap: 200
2025-05-27 19:33:08 | ChromaRAGClient | INFO | index_directory:203 | Indexing directory: data-lektury
2025-05-27 19:33:08 | ChromaRAGClient | INFO | find_pdf_files:45 | Found 1 PDF files in data-lektury
2025-05-27 19:33:08 | ChromaRAGClient | INFO | index_pdf_files:163 | Starting PDF indexing pipeline
2025-05-27 19:33:08 | ChromaRAGClient | DEBUG | validate_pdf_files:71 | Valid PDF: data-lektury\pan-tadeusz.pdf (1193841 bytes)
2025-05-27 19:33:08 | ChromaRAGClient | INFO | validate_pdf_files:75 | Validated 1/1 PDF files
2025-05-27 19:33:08 | ChromaRAGClient | INFO | process_pdf_batch:125 | Processing batch of 1 PDF files
2025-05-27 19:33:08 | ChromaRAGClient | INFO | process_single_pdf:80 | Processing PDF: data-lektury\pan-tadeusz.pdf
2025-05-27 19:33:12 | ChromaRAGClient | DEBUG | process_single_pdf:87 | Loaded 212 pages from data-lektury\pan-tadeusz.pdf
2025-05-27 19:33:12 | ChromaRAGClient | INFO | process_single_pdf:104 | Created 698 chunks from data-lektury\pan-tadeusz.pdf
2025-05-27 19:33:12 | ChromaRAGClient | INFO | process_pdf_batch:136 | Successfully processed 1/1 PDFs
2025-05-27 19:33:12 | ChromaRAGClient | INFO | process_pdf_batch:137 | Total document chunks: 698
2025-05-27 19:33:12 | ChromaRAGClient | INFO | add_documents_to_chroma:147 | Adding 698 documents to Chroma database
2025-05-27 19:33:12 | ChromaRAGClient | INFO | add_documents:143 | Adding 698 documents to Chroma
2025-05-27 19:36:04 | ChromaRAGClient | INFO | __init__:40 | Initializing Chroma RAG Client...
2025-05-27 19:36:05 | ChromaRAGClient | INFO | __init__:110 | Chroma RAG Client initialized successfully
2025-05-27 19:36:05 | ChromaRAGClient | INFO | __init__:111 | Vector database: db/chroma_db
2025-05-27 19:36:05 | ChromaRAGClient | INFO | __init__:112 | Collection size: 6 documents
2025-05-27 19:36:05 | ChromaRAGClient | INFO | __init__:30 | Document processor initialized - chunk_size: 1000, overlap: 200
2025-05-27 19:36:05 | ChromaRAGClient | INFO | index_directory:203 | Indexing directory: data-lektury
2025-05-27 19:36:05 | ChromaRAGClient | INFO | find_pdf_files:45 | Found 1 PDF files in data-lektury
2025-05-27 19:36:05 | ChromaRAGClient | INFO | index_pdf_files:163 | Starting PDF indexing pipeline
2025-05-27 19:36:05 | ChromaRAGClient | DEBUG | validate_pdf_files:71 | Valid PDF: data-lektury\wesele.pdf (881407 bytes)
2025-05-27 19:36:05 | ChromaRAGClient | INFO | validate_pdf_files:75 | Validated 1/1 PDF files
2025-05-27 19:36:05 | ChromaRAGClient | INFO | process_pdf_batch:125 | Processing batch of 1 PDF files
2025-05-27 19:36:05 | ChromaRAGClient | INFO | process_single_pdf:80 | Processing PDF: data-lektury\wesele.pdf
2025-05-27 19:36:07 | ChromaRAGClient | DEBUG | process_single_pdf:87 | Loaded 167 pages from data-lektury\wesele.pdf
2025-05-27 19:36:07 | ChromaRAGClient | INFO | process_single_pdf:104 | Created 311 chunks from data-lektury\wesele.pdf
2025-05-27 19:36:07 | ChromaRAGClient | INFO | process_pdf_batch:136 | Successfully processed 1/1 PDFs
2025-05-27 19:36:07 | ChromaRAGClient | INFO | process_pdf_batch:137 | Total document chunks: 311
2025-05-27 19:36:07 | ChromaRAGClient | INFO | add_documents_to_chroma:147 | Adding 311 documents to Chroma database
2025-05-27 19:36:07 | ChromaRAGClient | INFO | add_documents:143 | Adding 311 documents to Chroma
2025-05-27 19:38:58 | ChromaRAGClient | INFO | __init__:40 | Initializing Chroma RAG Client...
2025-05-27 19:38:59 | ChromaRAGClient | INFO | __init__:110 | Chroma RAG Client initialized successfully
2025-05-27 19:38:59 | ChromaRAGClient | INFO | __init__:111 | Vector database: db/chroma_db
2025-05-27 19:38:59 | ChromaRAGClient | INFO | __init__:112 | Collection size: 6 documents
2025-05-27 19:38:59 | ChromaRAGClient | INFO | __init__:30 | Document processor initialized - chunk_size: 1000, overlap: 200
2025-05-27 19:38:59 | ChromaRAGClient | INFO | index_directory:203 | Indexing directory: data-lektury
2025-05-27 19:38:59 | ChromaRAGClient | INFO | find_pdf_files:45 | Found 1 PDF files in data-lektury
2025-05-27 19:38:59 | ChromaRAGClient | INFO | index_pdf_files:163 | Starting PDF indexing pipeline
2025-05-27 19:38:59 | ChromaRAGClient | DEBUG | validate_pdf_files:71 | Valid PDF: data-lektury\treny.pdf (741723 bytes)
2025-05-27 19:38:59 | ChromaRAGClient | INFO | validate_pdf_files:75 | Validated 1/1 PDF files
2025-05-27 19:38:59 | ChromaRAGClient | INFO | process_pdf_batch:125 | Processing batch of 1 PDF files
2025-05-27 19:38:59 | ChromaRAGClient | INFO | process_single_pdf:80 | Processing PDF: data-lektury\treny.pdf
2025-05-27 19:39:00 | ChromaRAGClient | DEBUG | process_single_pdf:87 | Loaded 28 pages from data-lektury\treny.pdf
2025-05-27 19:39:00 | ChromaRAGClient | INFO | process_single_pdf:104 | Created 113 chunks from data-lektury\treny.pdf
2025-05-27 19:39:00 | ChromaRAGClient | INFO | process_pdf_batch:136 | Successfully processed 1/1 PDFs
2025-05-27 19:39:00 | ChromaRAGClient | INFO | process_pdf_batch:137 | Total document chunks: 113
2025-05-27 19:39:00 | ChromaRAGClient | INFO | add_documents_to_chroma:147 | Adding 113 documents to Chroma database
2025-05-27 19:39:00 | ChromaRAGClient | INFO | add_documents:143 | Adding 113 documents to Chroma
2025-05-27 19:39:02 | ChromaRAGClient | INFO | add_documents:152 | Successfully added 113 documents to Chroma
2025-05-27 19:39:02 | ChromaRAGClient | INFO | add_documents:153 | Total documents in collection: 119
2025-05-27 19:39:02 | ChromaRAGClient | INFO | add_documents_to_chroma:153 | Successfully added 113 documents to Chroma
2025-05-27 19:39:02 | ChromaRAGClient | INFO | index_pdf_files:198 | Indexing pipeline completed: {'success': True, 'message': 'PDF indexing completed successfully', 'files_processed': 1, 'chunks_created': 113, 'chunks_indexed': 113}
2025-05-27 19:39:25 | ChromaRAGClient | INFO | ask_rag:231 | Processing RAG query: 'Kto z rodziny umar³ Janowi Kochanowskiemu?'
2025-05-27 19:39:27 | ChromaRAGClient | INFO | _log_to_notebook:353 | Query logged to notebook: notebooks/chroma_queries.ipynb
2025-05-27 19:39:27 | ChromaRAGClient | INFO | ask_rag:296 | RAG query completed with 3 sources
2025-05-28 11:40:19 | ChromaRAGClient | INFO | __init__:45 | Initializing Chroma RAG Client...
2025-05-28 11:40:20 | ChromaRAGClient | INFO | __init__:99 | Chroma RAG Client initialized successfully
2025-05-28 11:40:20 | ChromaRAGClient | INFO | __init__:100 | Vector database: db/chroma_db
2025-05-28 11:40:20 | ChromaRAGClient | INFO | __init__:101 | Collection size: 119 documents
2025-05-28 11:40:39 | ChromaRAGClient | INFO | __init__:45 | Initializing Chroma RAG Client...
2025-05-28 11:40:40 | ChromaRAGClient | INFO | __init__:99 | Chroma RAG Client initialized successfully
2025-05-28 11:40:40 | ChromaRAGClient | INFO | __init__:100 | Vector database: db/chroma_db
2025-05-28 11:40:40 | ChromaRAGClient | INFO | __init__:101 | Collection size: 119 documents
2025-05-28 11:41:02 | ChromaRAGClient | INFO | __init__:45 | Initializing Chroma RAG Client...
2025-05-28 11:41:03 | ChromaRAGClient | INFO | __init__:99 | Chroma RAG Client initialized successfully
2025-05-28 11:41:03 | ChromaRAGClient | INFO | __init__:100 | Vector database: db/chroma_db
2025-05-28 11:41:03 | ChromaRAGClient | INFO | __init__:101 | Collection size: 119 documents
2025-05-28 11:41:18 | ChromaRAGClient | INFO | ask_rag:242 | Processing RAG query: 'Kim jest urszulka?'
2025-05-28 11:41:23 | ChromaRAGClient | INFO | _log_to_notebook:364 | Query logged to notebook: notebooks/chroma_queries.ipynb
2025-05-28 11:41:23 | ChromaRAGClient | INFO | ask_rag:307 | RAG query completed with 3 sources
2025-05-28 11:41:51 | ChromaRAGClient | INFO | ask_rag:242 | Processing RAG query: 'Kim jest jej ojciec?'
2025-05-28 11:41:53 | ChromaRAGClient | INFO | _log_to_notebook:364 | Query logged to notebook: notebooks/chroma_queries.ipynb
2025-05-28 11:41:53 | ChromaRAGClient | INFO | ask_rag:307 | RAG query completed with 3 sources
